<?xml version="1.0" encoding="UTF-8"?>
<!-- Generated by org.testng.reporters.JUnitReportReporter -->
<testsuite hostname="LAPTOP-KQ6KACL0" failures="0" tests="3" name="com.TestRunner.RunTest" time="7.219" errors="0" timestamp="2021-12-15T12:27:53 EST" skipped="0">
  <testcase classname="com.TestRunner.RunTest" name="feature" time="3.119"/>
  <system-out/>
  <testcase classname="com.TestRunner.RunTest" name="feature" time="2.071"/>
  <system-out/>
  <testcase classname="com.TestRunner.RunTest" name="feature" time="2.029"/>
  <system-out/>
</testsuite> <!-- com.TestRunner.RunTest -->
