<?xml version="1.0" encoding="UTF-8"?>
<!-- Generated by org.testng.reporters.JUnitReportReporter -->
<testsuite hostname="LAPTOP-KQ6KACL0" failures="0" tests="4" name="com.TestRunner.RunTest" time="12.493" errors="0" timestamp="2022-01-09T22:28:14 EST" skipped="0">
  <testcase classname="com.TestRunner.RunTest" name="feature" time="2.635"/>
  <system-out/>
  <testcase classname="com.TestRunner.RunTest" name="feature" time="2.569"/>
  <system-out/>
  <testcase classname="com.TestRunner.RunTest" name="feature" time="2.584"/>
  <system-out/>
  <testcase classname="com.TestRunner.RunTest" name="feature" time="4.705"/>
  <system-out/>
</testsuite> <!-- com.TestRunner.RunTest -->
