<?xml version="1.0" encoding="UTF-8"?>
<!-- Generated by org.testng.reporters.JUnitReportReporter -->
<testsuite hostname="LAPTOP-KQ6KACL0" failures="0" tests="4" name="com.TestRunner.RunTest" time="8.008" errors="0" timestamp="2022-02-26T19:28:00 EST" skipped="0">
  <testcase classname="com.TestRunner.RunTest" name="feature" time="1.908"/>
  <system-out/>
  <testcase classname="com.TestRunner.RunTest" name="feature" time="1.529"/>
  <system-out/>
  <testcase classname="com.TestRunner.RunTest" name="feature" time="2.101"/>
  <system-out/>
  <testcase classname="com.TestRunner.RunTest" name="feature" time="2.470"/>
  <system-out/>
</testsuite> <!-- com.TestRunner.RunTest -->
