<?xml version="1.0" encoding="UTF-8"?>
<!-- Generated by org.testng.reporters.JUnitReportReporter -->
<testsuite hostname="LAPTOP-KQ6KACL0" failures="0" tests="4" name="com.TestRunner.RunTest" time="15.163" errors="0" timestamp="2021-12-19T20:23:14 EST" skipped="0">
  <testcase classname="com.TestRunner.RunTest" name="feature" time="5.478"/>
  <system-out/>
  <testcase classname="com.TestRunner.RunTest" name="feature" time="2.551"/>
  <system-out/>
  <testcase classname="com.TestRunner.RunTest" name="feature" time="4.429"/>
  <system-out/>
  <testcase classname="com.TestRunner.RunTest" name="feature" time="2.705"/>
  <system-out/>
</testsuite> <!-- com.TestRunner.RunTest -->
